README.md: OK
examples/pod-with-netint.yaml: OK
README.ch.md: OK
deploy/helm/quadra/values.yaml: OK
deploy/helm/quadra/.helmignore: OK
deploy/helm/quadra/templates/pod.yaml: OK
deploy/helm/quadra/Chart.yaml: OK
deploy/helm/netint/values.yaml: OK
deploy/helm/netint/templates/cluster-role-binding.yaml: OK
deploy/helm/netint/templates/serviceaccount.yaml: OK
deploy/helm/netint/templates/_helpers.tpl: OK
deploy/helm/netint/templates/daemonset.yaml: OK
deploy/helm/netint/Chart.yaml: OK
LICENCE: OK
docker/plugin/Dockerfile: OK
docker/plugin/netint-device-plugin: OK
Makefile: OK
source/server.go: OK
source/netint-device-plugin: OK
source/main.go: OK
source/go.mod: OK
source/go.sum: OK
.git/objects/7e/233844c177938d3b7f103d421aad5d2bee68f7: OK
.git/objects/f2/846cd17645dc141d3c7d1b68c37c12a801ebc4: OK
.git/objects/79/4650cd5eb0335841ae86cf683b09e930e5b5db: OK
.git/objects/a0/f5becb9aadab98bb6bf304632bcd557f2d2bfb: OK
.git/objects/87/522650aeebb2b9ad764390e54b8796a907d6c0: OK
.git/objects/bd/9ea1732c035faf161762d637086651ed043fe4: OK
.git/objects/bd/ce38e92f0ecd3f95c65e733b2cbb617cd34a2d: OK
.git/objects/c7/97bc73622e084e6e2cc9975ab3357211c8c2a1: OK
.git/objects/d1/d460d81966e6c46d766e7344280698701b70a3: OK
.git/objects/b9/56ae7afca78b483105c1f365ecb5eca3f7bba2: OK
.git/objects/4d/d91eff34151f498a8c5ae71c81fde2ade287f3: OK
.git/objects/4e/986bb6471ce62d58654669ae65a34e832a486c: OK
.git/objects/54/ca1674b8699dcb906f7514063ac1630a42edac: OK
.git/objects/44/e6f44885926b01de6805ae8a2a901c137abaa2: OK
.git/objects/ff/1889701c7beea8fc642fc265d23c56df4a7dbc: OK
.git/objects/3f/2e113d9b55a42bad26190691bf53e01c782501: OK
.git/objects/0e/a3d4702c4e7143ede57386188349e8105b1723: OK
.git/objects/pack/pack-56ac381a1be679b6575b467c7b49b30af9ca70cf.idx: OK
.git/objects/pack/pack-56ac381a1be679b6575b467c7b49b30af9ca70cf.pack: OK
.git/objects/a2/ac53ea48b0dfcd91f5975c1381570fc4c3b01b: OK
.git/objects/d0/c78463424b567c20cd48b7ba48fcac67b62568: OK
.git/objects/5b/f7df581e67f79e588851393f5ccbf02daf8e76: OK
.git/objects/03/6d9279f91118b2045d545cb066624953dbc9ed: OK
.git/objects/be/e4e9581403fa4073a77e0c08aafa675fe1f880: OK
.git/objects/be/2f307d5c4d5b44282025d366dd5ba7ea60c53f: OK
.git/objects/69/a2e2c0906d6b66a0c194839a79abaeb3000006: OK
.git/objects/16/dda5cb48e9ec1fc055098cef2b340f3166bd7f: OK
.git/objects/8d/15ebdb3ad7a73afca672ae357dc2dec8aca7f7: OK
.git/objects/a8/7d02ffdc3f0332b26c6ca95ac5559dfa9192ba: OK
.git/objects/76/7e7d11babc47714ca7a712056c0f3881d52216: OK
.git/objects/dd/ded6659191fa863540ba873189848ca83f8c04: OK
.git/objects/4c/98ce93d98aad6a4b0b65a9682581736469d31c: OK
.git/objects/f5/aa34e435a3412d642edc6cb7f51f16465b8ddb: OK
.git/objects/84/042237387e83b3d615a7d8e9db26ad2d71aba4: OK
.git/objects/15/080212fee018562eb79254e07a558efcb651d4: OK
.git/objects/22/2e5e9ef8f01f7ebc70055b1ff76666decd240f: OK
.git/objects/62/679ab66ec88737cd07267b56a3c58eb6346c39: OK
.git/objects/62/82b6c73f515646aa46b659e89ae255e8e01090: OK
.git/objects/62/57c0c787d404b1ffe8c3b5fdb3b1111c5dfa25: OK
.git/objects/3b/a389381f77bcb15ac52f1b3fb264a203669e4a: OK
.git/objects/92/679020364730434ffc5a10f91dd6045bc1d45b: OK
.git/objects/83/f643c0fb542fb194be75b323510a372dfd836f: OK
.git/objects/38/685b77aade23de60bbb53a775caab508021ed0: OK
.git/objects/96/a4c509e1d7c8da744394a105d667604134bee1: OK
.git/objects/cd/16da180e7995a17d2bd34f85dc4a8c5a9e6c1d: OK
.git/objects/e3/5c75a83be1dca451cc1e8554c238ec73cdc1af: OK
.git/objects/6b/4e9a33aefdbfb57c4c28b74df31818fcbfc4ec: OK
.git/objects/7c/d4d778d5a56094a96fee0b3e4f5cfda0bd5570: OK
.git/objects/28/01654ce2e4d8d8df75177a39d371b66ef3b986: OK
.git/objects/28/54b2395004759e1175e722f6e6e76e259508b6: OK
.git/objects/5f/faa4406469cf97b8565c0aacea63afe5a3e424: OK
.git/objects/2f/c873b3300bc42cdc9777614ef27ae6281ed6c9: OK
.git/objects/30/fedbae19178615f9d16a8368974379a6c1664e: OK
.git/objects/58/39305cfb536943135fa0a44bce03bc8789638c: OK
.git/objects/58/44d514296ab43cf6d0a192229f8540c508a9d6: OK
.git/objects/3e/456422a854bdf0822a85b2f2916233b5b2d317: OK
.git/objects/67/227ab63580d62e52687302bfc9e0b1fbbb2cbd: OK
.git/objects/67/0e156d5a2bdd96ae61343c68fe4b074e78a418: OK
.git/objects/aa/902970c15e51fdb453c97a27f2cf5d8e460566: OK
.git/objects/26/d71b7994f53d5e7d6a2dae85bf6214b6cc32b8: OK
.git/objects/10/cfc8ab6b462962732e7def79673739b674292e: OK
.git/objects/91/34b63679cf7b014597b2ae1cdf00cf93c5f9fe: OK
.git/objects/3c/57d0dba4253f4943a84154fbf8bb3a08da51d5: OK
.git/objects/81/75d5b0e26598b97e20204dafab521c06df2353: OK
.git/objects/df/bbe66ad5a717a7d2f2f42cf2cd537e80a3c120: OK
.git/objects/c9/e23189832bf16ed0e4494244508230b5355a8e: OK
.git/objects/a4/6898209d0fc14f1e35d6e285c77f58cfa01306: OK
.git/objects/db/29dcd4c35cd50556e064f7603f7b4116f4a34e: OK
.git/objects/f3/0948f5d7bf132ca890c9e13284e6b639b07dbb: OK
.git/objects/f3/1379918d5eaba3290b3c1122ed5f1d5dccd6d0: OK
.git/objects/f3/6ccf883104b45cecd90187fa48e285d080aa5c: OK
.git/objects/29/acf9e214e78bf49608efe1719ee5c3c655c31a: OK
.git/objects/6d/cd5a518b590502173c11c2601339a9d03b5f8c: OK
.git/objects/3d/a15b91277aaa98b35bc9a065f9be65555e7f65: OK
.git/objects/c0/4385b270ee02299ca9699d6cfe980a7a0473d8: OK
.git/objects/c0/b912cb7f9882634e8956cd6c2f978bdbbac924: OK
.git/objects/80/2531f86663cf71fcf44413b50dc696dec82f62: OK
.git/objects/1a/1003164367b36eba6dd953b26f266f155895ef: OK
.git/objects/74/9d51556881706a8c0209b8413eb8f465caccdc: OK
.git/objects/01/12806a3ac6acae8206eb8c606e5a9f23141726: OK
.git/objects/01/f4449b915e4b45441fb9a9910d57c552284100: OK
.git/objects/01/afb245768a8b5ae8b5b1f588cd126791bc93ee: OK
.git/objects/b6/2aff39e4e224687b67926cb0791840f2c8a726: OK
.git/objects/32/28635d036d805646e21d791e08534fdf922b3d: OK
.git/objects/32/e8a12860bfadcfdeb2b21f83433ce4f7083362: OK
.git/objects/de/e9ebdc83d3b58e227e8c5b3b24425d518dacb1: OK
.git/objects/4a/aff6bd9d0e23c38a1377cc59b51c45669dd50b: OK
.git/objects/4a/f5c768cb7c2aa7f4e1453001a1edf4fcc69fff: OK
.git/objects/61/53ea3da2001e810c703b4956ffa2c650aef465: OK
.git/objects/ba/449ea1216956b3e9836e9cb5b18f17f2efc0c2: OK
.git/objects/9d/b0363443609fe5efddcc6f3d6ae6a68e712b47: OK
.git/objects/1b/c2aecac83f9e923ea7b3a8c883934db9a16a7d: OK
.git/config: OK
.git/hooks/pre-commit.sample: OK
.git/hooks/prepare-commit-msg.sample: OK
.git/hooks/fsmonitor-watchman.sample: OK
.git/hooks/pre-rebase.sample: OK
.git/hooks/pre-applypatch.sample: OK
.git/hooks/post-update.sample: OK
.git/hooks/commit-msg.sample: OK
.git/hooks/applypatch-msg.sample: OK
.git/hooks/update.sample: OK
.git/hooks/pre-push.sample: OK
.git/hooks/pre-receive.sample: OK
.git/hooks/pre-merge-commit.sample: OK
.git/refs/heads/main: OK
.git/refs/heads/Kenneth-test: OK
.git/refs/remotes/origin/main: OK
.git/refs/remotes/origin/HEAD: OK
.git/refs/remotes/origin/Kenneth-test: OK
.git/COMMIT_EDITMSG: OK
.git/logs/refs/heads/main: OK
.git/logs/refs/heads/Kenneth-test: OK
.git/logs/refs/remotes/origin/main: OK
.git/logs/refs/remotes/origin/HEAD: OK
.git/logs/refs/remotes/origin/Kenneth-test: OK
.git/logs/HEAD: OK
.git/ORIG_HEAD: OK
.git/HEAD: OK
.git/index: OK
.git/description: OK
.git/FETCH_HEAD: OK
.git/info/exclude: OK
.git/packed-refs: OK

----------- SCAN SUMMARY -----------
Known viruses: 8699162
Engine version: 0.103.12
Scanned directories: 104
Scanned files: 147
Infected files: 0
Data scanned: 40.10 MB
Data read: 39.05 MB (ratio 1.03:1)
Time: 21.925 sec (0 m 21 s)
Start Date: 2024:11:04 11:08:49
End Date:   2024:11:04 11:09:11
